Installing server to current directory
MESSAGE: Data kindly mirrored by Forge at http://MinecraftForge.net/
MESSAGE: Considering minecraft server jar
MESSAGE: Downloading minecraft server version 1.7.10
  ETag: 3e8912b293b52bd54f879919bd6e4e44
  MD5:  3e8912b293b52bd54f879919bd6e4e44
MESSAGE: Considering library net.minecraftforge:forge:1.7.10-10.13.4.1614-1.7.10: Not Downloading
MESSAGE: Considering library net.minecraft:launchwrapper:1.12
MESSAGE: Downloading library net.minecraft:launchwrapper:1.12
MESSAGE: Considering library org.ow2.asm:asm-all:5.0.3
MESSAGE: Downloading library org.ow2.asm:asm-all:5.0.3
MESSAGE: Considering library com.typesafe.akka:akka-actor_2.11:2.3.3
MESSAGE: Downloading library com.typesafe.akka:akka-actor_2.11:2.3.3
MESSAGE: Trying unpacked library com.typesafe.akka:akka-actor_2.11:2.3.3
MESSAGE: Considering library com.typesafe:config:1.2.1
MESSAGE: Downloading library com.typesafe:config:1.2.1
MESSAGE: Trying unpacked library com.typesafe:config:1.2.1
MESSAGE: Considering library org.scala-lang:scala-actors-migration_2.11:1.1.0
MESSAGE: Downloading library org.scala-lang:scala-actors-migration_2.11:1.1.0
MESSAGE: Trying unpacked library org.scala-lang:scala-actors-migration_2.11:1.1.0
MESSAGE: Considering library org.scala-lang:scala-compiler:2.11.1
MESSAGE: Downloading library org.scala-lang:scala-compiler:2.11.1
MESSAGE: Trying unpacked library org.scala-lang:scala-compiler:2.11.1
MESSAGE: Considering library org.scala-lang.plugins:scala-continuations-library_2.11:1.0.2
MESSAGE: Downloading library org.scala-lang.plugins:scala-continuations-library_2.11:1.0.2
MESSAGE: Trying unpacked library org.scala-lang.plugins:scala-continuations-library_2.11:1.0.2
MESSAGE: Considering library org.scala-lang.plugins:scala-continuations-plugin_2.11.1:1.0.2
MESSAGE: Downloading library org.scala-lang.plugins:scala-continuations-plugin_2.11.1:1.0.2
MESSAGE: Trying unpacked library org.scala-lang.plugins:scala-continuations-plugin_2.11.1:1.0.2
MESSAGE: Considering library org.scala-lang:scala-library:2.11.1
MESSAGE: Downloading library org.scala-lang:scala-library:2.11.1
MESSAGE: Trying unpacked library org.scala-lang:scala-library:2.11.1
MESSAGE: Considering library org.scala-lang:scala-parser-combinators_2.11:1.0.1
MESSAGE: Downloading library org.scala-lang:scala-parser-combinators_2.11:1.0.1
MESSAGE: Trying unpacked library org.scala-lang:scala-parser-combinators_2.11:1.0.1
MESSAGE: Considering library org.scala-lang:scala-reflect:2.11.1
MESSAGE: Downloading library org.scala-lang:scala-reflect:2.11.1
MESSAGE: Trying unpacked library org.scala-lang:scala-reflect:2.11.1
MESSAGE: Considering library org.scala-lang:scala-swing_2.11:1.0.1
MESSAGE: Downloading library org.scala-lang:scala-swing_2.11:1.0.1
MESSAGE: Trying unpacked library org.scala-lang:scala-swing_2.11:1.0.1
MESSAGE: Considering library org.scala-lang:scala-xml_2.11:1.0.2
MESSAGE: Downloading library org.scala-lang:scala-xml_2.11:1.0.2
MESSAGE: Trying unpacked library org.scala-lang:scala-xml_2.11:1.0.2
MESSAGE: Considering library lzma:lzma:0.0.1
MESSAGE: Downloading library lzma:lzma:0.0.1
MESSAGE: Considering library net.sf.jopt-simple:jopt-simple:4.5
MESSAGE: Downloading library net.sf.jopt-simple:jopt-simple:4.5
MESSAGE: Considering library com.google.guava:guava:17.0
MESSAGE: Downloading library com.google.guava:guava:17.0
MESSAGE: Considering library org.apache.commons:commons-lang3:3.3.2
MESSAGE: Downloading library org.apache.commons:commons-lang3:3.3.2
The server installed successfully, you should now be able to run the file forge-1.7.10-10.13.4.1614-1.7.10-universal.jar
You can delete this installer file now if you wish
